<?xml version="1.0" encoding="UTF-8"?>
<testng-results skipped="0" failed="0" ignored="0" total="1" passed="1">
  <reporter-output>
  </reporter-output>
  <suite name="Default suite" duration-ms="32003" started-at="2021-05-30T22:18:04 EET" finished-at="2021-05-30T22:18:36 EET">
    <groups>
    </groups>
    <test name="Default test" duration-ms="32003" started-at="2021-05-30T22:18:04 EET" finished-at="2021-05-30T22:18:36 EET">
      <class name="enuygun1.deneme1">
        <test-method status="PASS" signature="rezervasyon()[pri:0, instance:enuygun1.deneme1@80503]" name="rezervasyon" duration-ms="31927" started-at="2021-05-30T22:18:04 EET" finished-at="2021-05-30T22:18:36 EET">
          <reporter-output>
          </reporter-output>
        </test-method> <!-- rezervasyon -->
      </class> <!-- enuygun1.deneme1 -->
    </test> <!-- Default test -->
  </suite> <!-- Default suite -->
</testng-results>
